2019-04-12T01:30:11+00:00 CRITICAL Uncaught Error: Call to undefined function wp_enqueu_script() in C:\xampp\htdocs\intern_task4\wp-content\plugins\WooCustomShortcode\woocustomshortcode.php:246
Stack trace:
#0 C:\xampp\htdocs\intern_task4\wp-includes\class-wp-hook.php(286): wcs_client_add_js('')
#1 C:\xampp\htdocs\intern_task4\wp-includes\class-wp-hook.php(310): WP_Hook->apply_filters(NULL, Array)
#2 C:\xampp\htdocs\intern_task4\wp-includes\plugin.php(465): WP_Hook->do_action(Array)
#3 C:\xampp\htdocs\intern_task4\wp-includes\script-loader.php(2463): do_action('wp_enqueue_scri...')
#4 C:\xampp\htdocs\intern_task4\wp-includes\class-wp-hook.php(286): wp_enqueue_scripts('')
#5 C:\xampp\htdocs\intern_task4\wp-includes\class-wp-hook.php(310): WP_Hook->apply_filters(NULL, Array)
#6 C:\xampp\htdocs\intern_task4\wp-includes\plugin.php(465): WP_Hook->do_action(Array)
#7 C:\xampp\htdocs\intern_task4\wp-includes\general-template.php(2668): do_action('wp_head')
#8 C:\xampp\htdocs\intern_task4\wp-content\themes\storefront\header.php(18): wp_head()
#9 C:\xa in C:\xampp\htdocs\intern_task4\wp-content\plugins\WooCustomShortcode\woocustomshortcode.php on line 246

2019-04-12T01:31:43+00:00 CRITICAL Uncaught Error: Call to undefined function wp_enqueu_script() in C:\xampp\htdocs\intern_task4\wp-content\plugins\WooCustomShortcode\woocustomshortcode.php:246
Stack trace:
#0 C:\xampp\htdocs\intern_task4\wp-includes\class-wp-hook.php(286): wcs_client_add_js('')
#1 C:\xampp\htdocs\intern_task4\wp-includes\class-wp-hook.php(310): WP_Hook->apply_filters(NULL, Array)
#2 C:\xampp\htdocs\intern_task4\wp-includes\plugin.php(465): WP_Hook->do_action(Array)
#3 C:\xampp\htdocs\intern_task4\wp-includes\script-loader.php(2463): do_action('wp_enqueue_scri...')
#4 C:\xampp\htdocs\intern_task4\wp-includes\class-wp-hook.php(286): wp_enqueue_scripts('')
#5 C:\xampp\htdocs\intern_task4\wp-includes\class-wp-hook.php(310): WP_Hook->apply_filters(NULL, Array)
#6 C:\xampp\htdocs\intern_task4\wp-includes\plugin.php(465): WP_Hook->do_action(Array)
#7 C:\xampp\htdocs\intern_task4\wp-includes\general-template.php(2668): do_action('wp_head')
#8 C:\xampp\htdocs\intern_task4\wp-content\themes\storefront\header.php(18): wp_head()
#9 C:\xa in C:\xampp\htdocs\intern_task4\wp-content\plugins\WooCustomShortcode\woocustomshortcode.php on line 246

